<?xml version="1.0" encoding="UTF-8"?>
<!-- Generated by org.testng.reporters.JUnitReportReporter -->
<testsuite hostname="DESKTOP-GD1461M" failures="0" tests="1" name="com.ninza.crm.producttest.CreateProductTest" time="21.428" errors="0" timestamp="2025-09-19T17:27:46 IST" skipped="0">
  <testcase classname="com.ninza.crm.producttest.CreateProductTest" name="CreateProductWithMandatoryFieldTest" time="21.428"/>
</testsuite> <!-- com.ninza.crm.producttest.CreateProductTest -->
