<?xml version="1.0" encoding="UTF-8"?>
<!-- Generated by org.testng.reporters.JUnitReportReporter -->
<testsuite hostname="DESKTOP-GD1461M" failures="0" tests="1" name="com.ninza.crm.producttest.CreateProductTest" time="19.282" errors="0" timestamp="2025-09-18T16:50:25 IST" skipped="0">
  <testcase classname="com.ninza.crm.producttest.CreateProductTest" name="CreateProductWithMandatoryFieldTest" time="19.282"/>
</testsuite> <!-- com.ninza.crm.producttest.CreateProductTest -->
