<?xml version="1.0" encoding="UTF-8"?>
<!-- Generated by org.testng.reporters.JUnitReportReporter -->
<testsuite hostname="DESKTOP-GD1461M" failures="0" tests="1" name="com.ninza.crm.producttest.CreateProductTest" time="17.746" errors="0" timestamp="2025-09-14T00:03:45 IST" skipped="0">
  <testcase classname="com.ninza.crm.producttest.CreateProductTest" name="CreateProductWithMandatoryFieldTest" time="17.746"/>
</testsuite> <!-- com.ninza.crm.producttest.CreateProductTest -->
