<?xml version="1.0" encoding="UTF-8"?>
<!-- Generated by org.testng.reporters.JUnitReportReporter -->
<testsuite hostname="DESKTOP-GD1461M" failures="0" tests="3" name="com.ninza.crm.campaigntest.CreateCampaignTest" time="31.952" errors="0" timestamp="2025-09-15T16:00:45 IST" skipped="0">
  <testcase classname="com.ninza.crm.campaigntest.CreateCampaignTest" name="createCampaignWithExpectedClosseDateTest" time="8.022"/>
  <testcase classname="com.ninza.crm.campaigntest.CreateCampaignTest" name="createCampaignWithCampaignStatusTest" time="16.125"/>
  <testcase classname="com.ninza.crm.campaigntest.CreateCampaignTest" name="createCampaignWithMandatoryFieldTest" time="7.805"/>
</testsuite> <!-- com.ninza.crm.campaigntest.CreateCampaignTest -->
