<?xml version="1.0" encoding="UTF-8"?>
<!-- Generated by org.testng.reporters.JUnitReportReporter -->
<testsuite hostname="DESKTOP-GD1461M" failures="0" tests="3" name="com.ninza.crm.campaigntest.CreateCampaignTest" time="16.491" errors="0" timestamp="2025-09-19T17:27:46 IST" skipped="0">
  <testcase classname="com.ninza.crm.campaigntest.CreateCampaignTest" name="createCampaignWithMandatoryFieldTest" time="5.494"/>
  <testcase classname="com.ninza.crm.campaigntest.CreateCampaignTest" name="createCampaignWithCampaignStatusTest" time="5.944"/>
  <testcase classname="com.ninza.crm.campaigntest.CreateCampaignTest" name="createCampaignWithExpectedClosseDateTest" time="5.053"/>
</testsuite> <!-- com.ninza.crm.campaigntest.CreateCampaignTest -->
